0 info it worked if it ends with ok
1 verbose cli [ '/usr/local/bin/node', '/usr/local/bin/npm', 'run', 'startUp' ]
2 info using npm@3.9.6
3 info using node@v6.2.1
4 verbose run-script [ 'prestartUp', 'startUp', 'poststartUp' ]
5 info lifecycle session4@1.0.0~prestartUp: session4@1.0.0
6 silly lifecycle session4@1.0.0~prestartUp: no script for prestartUp, continuing
7 info lifecycle session4@1.0.0~startUp: session4@1.0.0
8 verbose lifecycle session4@1.0.0~startUp: unsafe-perm in lifecycle true
9 verbose lifecycle session4@1.0.0~startUp: PATH: /usr/local/lib/node_modules/npm/bin/node-gyp-bin:/Users/Home/Desktop/_NYU-git/_foundations/session4/node_modules/.bin:/usr/local/bin:/usr/local/bin:/usr/bin:/bin:/usr/sbin:/sbin
10 verbose lifecycle session4@1.0.0~startUp: CWD: /Users/Home/Desktop/_NYU-git/_foundations/session4
11 silly lifecycle session4@1.0.0~startUp: Args: [ '-c',
11 silly lifecycle   'browser-sync start --browser "google chrome" --server \'definition-list\' --files \'definition-list\'' ]
12 silly lifecycle session4@1.0.0~startUp: Returned: code: 1  signal: null
13 info lifecycle session4@1.0.0~startUp: Failed to exec startUp script
14 verbose stack Error: session4@1.0.0 startUp: `browser-sync start --browser "google chrome" --server 'definition-list' --files 'definition-list'`
14 verbose stack Exit status 1
14 verbose stack     at EventEmitter.<anonymous> (/usr/local/lib/node_modules/npm/lib/utils/lifecycle.js:245:16)
14 verbose stack     at emitTwo (events.js:106:13)
14 verbose stack     at EventEmitter.emit (events.js:191:7)
14 verbose stack     at ChildProcess.<anonymous> (/usr/local/lib/node_modules/npm/lib/utils/spawn.js:24:14)
14 verbose stack     at emitTwo (events.js:106:13)
14 verbose stack     at ChildProcess.emit (events.js:191:7)
14 verbose stack     at maybeClose (internal/child_process.js:852:16)
14 verbose stack     at Process.ChildProcess._handle.onexit (internal/child_process.js:215:5)
15 verbose pkgid session4@1.0.0
16 verbose cwd /Users/Home/Desktop/_NYU-git/_foundations/session4
17 error Darwin 16.5.0
18 error argv "/usr/local/bin/node" "/usr/local/bin/npm" "run" "startUp"
19 error node v6.2.1
20 error npm  v3.9.6
21 error code ELIFECYCLE
22 error session4@1.0.0 startUp: `browser-sync start --browser "google chrome" --server 'definition-list' --files 'definition-list'`
22 error Exit status 1
23 error Failed at the session4@1.0.0 startUp script 'browser-sync start --browser "google chrome" --server 'definition-list' --files 'definition-list''.
23 error Make sure you have the latest version of node.js and npm installed.
23 error If you do, this is most likely a problem with the session4 package,
23 error not with npm itself.
23 error Tell the author that this fails on your system:
23 error     browser-sync start --browser "google chrome" --server 'definition-list' --files 'definition-list'
23 error You can get information on how to open an issue for this project with:
23 error     npm bugs session4
23 error Or if that isn't available, you can get their info via:
23 error     npm owner ls session4
23 error There is likely additional logging output above.
24 verbose exit [ 1, true ]
